Analysis & Synthesis report for reaction_time
Mon Sep 29 20:10:46 2025
Quartus Prime Version 20.1.0 Build 711 06/05/2020 SJ Lite Edition


---------------------
; Table of Contents ;
---------------------
  1. Legal Notice
  2. Analysis & Synthesis Summary
  3. Analysis & Synthesis Settings
  4. Parallel Compilation
  5. Analysis & Synthesis Source Files Read
  6. Analysis & Synthesis Resource Usage Summary
  7. Analysis & Synthesis Resource Utilization by Entity
  8. State Machine - |reaction_time|current_state
  9. User-Specified and Inferred Latches
 10. Registers Removed During Synthesis
 11. General Register Statistics
 12. Inverted Register Statistics
 13. Multiplexer Restructuring Statistics (Restructuring Performed)
 14. Parameter Settings for Inferred Entity Instance: seven_segment_driver:display_driver|lpm_divide:Mod0
 15. Parameter Settings for Inferred Entity Instance: seven_segment_driver:display_driver|lpm_divide:Div0
 16. Parameter Settings for Inferred Entity Instance: seven_segment_driver:display_driver|lpm_divide:Mod1
 17. Parameter Settings for Inferred Entity Instance: seven_segment_driver:display_driver|lpm_divide:Div1
 18. Parameter Settings for Inferred Entity Instance: seven_segment_driver:display_driver|lpm_divide:Mod2
 19. Parameter Settings for Inferred Entity Instance: seven_segment_driver:display_driver|lpm_divide:Div2
 20. Parameter Settings for Inferred Entity Instance: seven_segment_driver:display_driver|lpm_divide:Mod3
 21. Post-Synthesis Netlist Statistics for Top Partition
 22. Elapsed Time Per Partition
 23. Analysis & Synthesis Messages



----------------
; Legal Notice ;
----------------
Copyright (C) 2020  Intel Corporation. All rights reserved.
Your use of Intel Corporation's design tools, logic functions 
and other software and tools, and any partner logic 
functions, and any output files from any of the foregoing 
(including device programming or simulation files), and any 
associated documentation or information are expressly subject 
to the terms and conditions of the Intel Program License 
Subscription Agreement, the Intel Quartus Prime License Agreement,
the Intel FPGA IP License Agreement, or other applicable license
agreement, including, without limitation, that your use is for
the sole purpose of programming logic devices manufactured by
Intel and sold by Intel or its authorized distributors.  Please
refer to the applicable agreement for further details, at
https://fpgasoftware.intel.com/eula.



+-------------------------------------------------------------------------------+
; Analysis & Synthesis Summary                                                  ;
+---------------------------------+---------------------------------------------+
; Analysis & Synthesis Status     ; Successful - Mon Sep 29 20:10:46 2025       ;
; Quartus Prime Version           ; 20.1.0 Build 711 06/05/2020 SJ Lite Edition ;
; Revision Name                   ; reaction_time                               ;
; Top-level Entity Name           ; reaction_time                               ;
; Family                          ; Cyclone V                                   ;
; Logic utilization (in ALMs)     ; N/A                                         ;
; Total registers                 ; 126                                         ;
; Total pins                      ; 17                                          ;
; Total virtual pins              ; 0                                           ;
; Total block memory bits         ; 0                                           ;
; Total DSP Blocks                ; 0                                           ;
; Total HSSI RX PCSs              ; 0                                           ;
; Total HSSI PMA RX Deserializers ; 0                                           ;
; Total HSSI TX PCSs              ; 0                                           ;
; Total HSSI PMA TX Serializers   ; 0                                           ;
; Total PLLs                      ; 0                                           ;
; Total DLLs                      ; 0                                           ;
+---------------------------------+---------------------------------------------+


+---------------------------------------------------------------------------------------------------------------------------+
; Analysis & Synthesis Settings                                                                                             ;
+---------------------------------------------------------------------------------+--------------------+--------------------+
; Option                                                                          ; Setting            ; Default Value      ;
+---------------------------------------------------------------------------------+--------------------+--------------------+
; Device                                                                          ; 5CEBA4F23C7        ;                    ;
; Top-level entity name                                                           ; reaction_time      ; reaction_time      ;
; Family name                                                                     ; Cyclone V          ; Cyclone V          ;
; Use smart compilation                                                           ; Off                ; Off                ;
; Enable parallel Assembler and Timing Analyzer during compilation                ; On                 ; On                 ;
; Enable compact report table                                                     ; Off                ; Off                ;
; Restructure Multiplexers                                                        ; Auto               ; Auto               ;
; MLAB Add Timing Constraints For Mixed-Port Feed-Through Mode Setting Don't Care ; Off                ; Off                ;
; Create Debugging Nodes for IP Cores                                             ; Off                ; Off                ;
; Preserve fewer node names                                                       ; On                 ; On                 ;
; Intel FPGA IP Evaluation Mode                                                   ; Enable             ; Enable             ;
; Verilog Version                                                                 ; Verilog_2001       ; Verilog_2001       ;
; VHDL Version                                                                    ; VHDL_1993          ; VHDL_1993          ;
; State Machine Processing                                                        ; Auto               ; Auto               ;
; Safe State Machine                                                              ; Off                ; Off                ;
; Extract Verilog State Machines                                                  ; On                 ; On                 ;
; Extract VHDL State Machines                                                     ; On                 ; On                 ;
; Ignore Verilog initial constructs                                               ; Off                ; Off                ;
; Iteration limit for constant Verilog loops                                      ; 5000               ; 5000               ;
; Iteration limit for non-constant Verilog loops                                  ; 250                ; 250                ;
; Add Pass-Through Logic to Inferred RAMs                                         ; On                 ; On                 ;
; Infer RAMs from Raw Logic                                                       ; On                 ; On                 ;
; Parallel Synthesis                                                              ; On                 ; On                 ;
; DSP Block Balancing                                                             ; Auto               ; Auto               ;
; NOT Gate Push-Back                                                              ; On                 ; On                 ;
; Power-Up Don't Care                                                             ; On                 ; On                 ;
; Remove Redundant Logic Cells                                                    ; Off                ; Off                ;
; Remove Duplicate Registers                                                      ; On                 ; On                 ;
; Ignore CARRY Buffers                                                            ; Off                ; Off                ;
; Ignore CASCADE Buffers                                                          ; Off                ; Off                ;
; Ignore GLOBAL Buffers                                                           ; Off                ; Off                ;
; Ignore ROW GLOBAL Buffers                                                       ; Off                ; Off                ;
; Ignore LCELL Buffers                                                            ; Off                ; Off                ;
; Ignore SOFT Buffers                                                             ; On                 ; On                 ;
; Limit AHDL Integers to 32 Bits                                                  ; Off                ; Off                ;
; Optimization Technique                                                          ; Balanced           ; Balanced           ;
; Carry Chain Length                                                              ; 70                 ; 70                 ;
; Auto Carry Chains                                                               ; On                 ; On                 ;
; Auto Open-Drain Pins                                                            ; On                 ; On                 ;
; Perform WYSIWYG Primitive Resynthesis                                           ; Off                ; Off                ;
; Auto ROM Replacement                                                            ; On                 ; On                 ;
; Auto RAM Replacement                                                            ; On                 ; On                 ;
; Auto DSP Block Replacement                                                      ; On                 ; On                 ;
; Auto Shift Register Replacement                                                 ; Auto               ; Auto               ;
; Allow Shift Register Merging across Hierarchies                                 ; Auto               ; Auto               ;
; Auto Clock Enable Replacement                                                   ; On                 ; On                 ;
; Strict RAM Replacement                                                          ; Off                ; Off                ;
; Allow Synchronous Control Signals                                               ; On                 ; On                 ;
; Force Use of Synchronous Clear Signals                                          ; Off                ; Off                ;
; Auto Resource Sharing                                                           ; Off                ; Off                ;
; Allow Any RAM Size For Recognition                                              ; Off                ; Off                ;
; Allow Any ROM Size For Recognition                                              ; Off                ; Off                ;
; Allow Any Shift Register Size For Recognition                                   ; Off                ; Off                ;
; Use LogicLock Constraints during Resource Balancing                             ; On                 ; On                 ;
; Ignore translate_off and synthesis_off directives                               ; Off                ; Off                ;
; Timing-Driven Synthesis                                                         ; On                 ; On                 ;
; Report Parameter Settings                                                       ; On                 ; On                 ;
; Report Source Assignments                                                       ; On                 ; On                 ;
; Report Connectivity Checks                                                      ; On                 ; On                 ;
; Ignore Maximum Fan-Out Assignments                                              ; Off                ; Off                ;
; Synchronization Register Chain Length                                           ; 3                  ; 3                  ;
; Power Optimization During Synthesis                                             ; Normal compilation ; Normal compilation ;
; HDL message level                                                               ; Level2             ; Level2             ;
; Suppress Register Optimization Related Messages                                 ; Off                ; Off                ;
; Number of Removed Registers Reported in Synthesis Report                        ; 5000               ; 5000               ;
; Number of Swept Nodes Reported in Synthesis Report                              ; 5000               ; 5000               ;
; Number of Inverted Registers Reported in Synthesis Report                       ; 100                ; 100                ;
; Clock MUX Protection                                                            ; On                 ; On                 ;
; Auto Gated Clock Conversion                                                     ; Off                ; Off                ;
; Block Design Naming                                                             ; Auto               ; Auto               ;
; SDC constraint protection                                                       ; Off                ; Off                ;
; Synthesis Effort                                                                ; Auto               ; Auto               ;
; Shift Register Replacement - Allow Asynchronous Clear Signal                    ; On                 ; On                 ;
; Pre-Mapping Resynthesis Optimization                                            ; Off                ; Off                ;
; Analysis & Synthesis Message Level                                              ; Medium             ; Medium             ;
; Disable Register Merging Across Hierarchies                                     ; Auto               ; Auto               ;
; Resource Aware Inference For Block RAM                                          ; On                 ; On                 ;
; Automatic Parallel Synthesis                                                    ; On                 ; On                 ;
; Partial Reconfiguration Bitstream ID                                            ; Off                ; Off                ;
+---------------------------------------------------------------------------------+--------------------+--------------------+


+------------------------------------------+
; Parallel Compilation                     ;
+----------------------------+-------------+
; Processors                 ; Number      ;
+----------------------------+-------------+
; Number detected on machine ; 16          ;
; Maximum allowed            ; 8           ;
;                            ;             ;
; Average used               ; 1.00        ;
; Maximum used               ; 8           ;
;                            ;             ;
; Usage by Processor         ; % Time Used ;
;     Processor 1            ; 100.0%      ;
;     Processor 2            ;   0.0%      ;
;     Processor 3            ;   0.0%      ;
;     Processor 4            ;   0.0%      ;
;     Processor 5            ;   0.0%      ;
;     Processor 6            ;   0.0%      ;
;     Processor 7            ;   0.0%      ;
;     Processor 8            ;   0.0%      ;
+----------------------------+-------------+


+----------------------------------------------------------------------------------------------------------------------------------------------------------------------------------------------+
; Analysis & Synthesis Source Files Read                                                                                                                                                       ;
+----------------------------------+-----------------+------------------------------+------------------------------------------------------------------------------------------------+---------+
; File Name with User-Entered Path ; Used in Netlist ; File Type                    ; File Name with Absolute Path                                                                   ; Library ;
+----------------------------------+-----------------+------------------------------+------------------------------------------------------------------------------------------------+---------+
; reaction_time.vhd                ; yes             ; User VHDL File               ; /home/alexandre/Documents/github/FPGA-ReactionTimeGame/reactionTime/reaction_time.vhd          ;         ;
; button_debouncer.vhd             ; yes             ; User VHDL File               ; /home/alexandre/Documents/github/FPGA-ReactionTimeGame/reactionTime/button_debouncer.vhd       ;         ;
; random_delay.vhd                 ; yes             ; User VHDL File               ; /home/alexandre/Documents/github/FPGA-ReactionTimeGame/reactionTime/random_delay.vhd           ;         ;
; reaction_timer.vhd               ; yes             ; User VHDL File               ; /home/alexandre/Documents/github/FPGA-ReactionTimeGame/reactionTime/reaction_timer.vhd         ;         ;
; seven_segment_driver.vhd         ; yes             ; User VHDL File               ; /home/alexandre/Documents/github/FPGA-ReactionTimeGame/reactionTime/seven_segment_driver.vhd   ;         ;
; lpm_divide.tdf                   ; yes             ; Megafunction                 ; /home/alexandre/intelFPGA_lite/20.1/quartus/libraries/megafunctions/lpm_divide.tdf             ;         ;
; abs_divider.inc                  ; yes             ; Megafunction                 ; /home/alexandre/intelFPGA_lite/20.1/quartus/libraries/megafunctions/abs_divider.inc            ;         ;
; sign_div_unsign.inc              ; yes             ; Megafunction                 ; /home/alexandre/intelFPGA_lite/20.1/quartus/libraries/megafunctions/sign_div_unsign.inc        ;         ;
; aglobal201.inc                   ; yes             ; Megafunction                 ; /home/alexandre/intelFPGA_lite/20.1/quartus/libraries/megafunctions/aglobal201.inc             ;         ;
; db/lpm_divide_a5m.tdf            ; yes             ; Auto-Generated Megafunction  ; /home/alexandre/Documents/github/FPGA-ReactionTimeGame/reactionTime/db/lpm_divide_a5m.tdf      ;         ;
; db/sign_div_unsign_dnh.tdf       ; yes             ; Auto-Generated Megafunction  ; /home/alexandre/Documents/github/FPGA-ReactionTimeGame/reactionTime/db/sign_div_unsign_dnh.tdf ;         ;
; db/alt_u_div_03f.tdf             ; yes             ; Auto-Generated Megafunction  ; /home/alexandre/Documents/github/FPGA-ReactionTimeGame/reactionTime/db/alt_u_div_03f.tdf       ;         ;
; db/lpm_divide_kbm.tdf            ; yes             ; Auto-Generated Megafunction  ; /home/alexandre/Documents/github/FPGA-ReactionTimeGame/reactionTime/db/lpm_divide_kbm.tdf      ;         ;
; db/sign_div_unsign_qlh.tdf       ; yes             ; Auto-Generated Megafunction  ; /home/alexandre/Documents/github/FPGA-ReactionTimeGame/reactionTime/db/sign_div_unsign_qlh.tdf ;         ;
; db/alt_u_div_qve.tdf             ; yes             ; Auto-Generated Megafunction  ; /home/alexandre/Documents/github/FPGA-ReactionTimeGame/reactionTime/db/alt_u_div_qve.tdf       ;         ;
; db/lpm_divide_nbm.tdf            ; yes             ; Auto-Generated Megafunction  ; /home/alexandre/Documents/github/FPGA-ReactionTimeGame/reactionTime/db/lpm_divide_nbm.tdf      ;         ;
; db/sign_div_unsign_tlh.tdf       ; yes             ; Auto-Generated Megafunction  ; /home/alexandre/Documents/github/FPGA-ReactionTimeGame/reactionTime/db/sign_div_unsign_tlh.tdf ;         ;
; db/alt_u_div_00f.tdf             ; yes             ; Auto-Generated Megafunction  ; /home/alexandre/Documents/github/FPGA-ReactionTimeGame/reactionTime/db/alt_u_div_00f.tdf       ;         ;
; db/lpm_divide_1dm.tdf            ; yes             ; Auto-Generated Megafunction  ; /home/alexandre/Documents/github/FPGA-ReactionTimeGame/reactionTime/db/lpm_divide_1dm.tdf      ;         ;
; db/sign_div_unsign_7nh.tdf       ; yes             ; Auto-Generated Megafunction  ; /home/alexandre/Documents/github/FPGA-ReactionTimeGame/reactionTime/db/sign_div_unsign_7nh.tdf ;         ;
; db/alt_u_div_k2f.tdf             ; yes             ; Auto-Generated Megafunction  ; /home/alexandre/Documents/github/FPGA-ReactionTimeGame/reactionTime/db/alt_u_div_k2f.tdf       ;         ;
+----------------------------------+-----------------+------------------------------+------------------------------------------------------------------------------------------------+---------+


+----------------------------------------------------------------------------+
; Analysis & Synthesis Resource Usage Summary                                ;
+---------------------------------------------+------------------------------+
; Resource                                    ; Usage                        ;
+---------------------------------------------+------------------------------+
; Estimate of Logic utilization (ALMs needed) ; 867                          ;
;                                             ;                              ;
; Combinational ALUT usage for logic          ; 1668                         ;
;     -- 7 input functions                    ; 0                            ;
;     -- 6 input functions                    ; 60                           ;
;     -- 5 input functions                    ; 28                           ;
;     -- 4 input functions                    ; 426                          ;
;     -- <=3 input functions                  ; 1154                         ;
;                                             ;                              ;
; Dedicated logic registers                   ; 126                          ;
;                                             ;                              ;
; I/O pins                                    ; 17                           ;
;                                             ;                              ;
; Total DSP Blocks                            ; 0                            ;
;                                             ;                              ;
; Maximum fan-out node                        ; current_state.S_DISPLAY_TIME ;
; Maximum fan-out                             ; 199                          ;
; Total fan-out                               ; 5714                         ;
; Average fan-out                             ; 3.13                         ;
+---------------------------------------------+------------------------------+


+---------------------------------------------------------------------------------------------------------------------------------------------------------------------------------------------------------------------------------------------------------------------------------------------------------------------------------------------------------------+
; Analysis & Synthesis Resource Utilization by Entity                                                                                                                                                                                                                                                                                                           ;
+-----------------------------------------------------------+---------------------+---------------------------+-------------------+------------+------+--------------+----------------------------------------------------------------------------------------------------------------------------------------------------+----------------------+--------------+
; Compilation Hierarchy Node                                ; Combinational ALUTs ; Dedicated Logic Registers ; Block Memory Bits ; DSP Blocks ; Pins ; Virtual Pins ; Full Hierarchy Name                                                                                                                                ; Entity Name          ; Library Name ;
+-----------------------------------------------------------+---------------------+---------------------------+-------------------+------------+------+--------------+----------------------------------------------------------------------------------------------------------------------------------------------------+----------------------+--------------+
; |reaction_time                                            ; 1668 (109)          ; 126 (6)                   ; 0                 ; 0          ; 17   ; 0            ; |reaction_time                                                                                                                                     ; reaction_time        ; work         ;
;    |button_debouncer:\debouncers_player:0:debouncer_inst| ; 0 (0)               ; 2 (2)                     ; 0                 ; 0          ; 0    ; 0            ; |reaction_time|button_debouncer:\debouncers_player:0:debouncer_inst                                                                                ; button_debouncer     ; work         ;
;    |button_debouncer:\debouncers_player:1:debouncer_inst| ; 1 (1)               ; 2 (2)                     ; 0                 ; 0          ; 0    ; 0            ; |reaction_time|button_debouncer:\debouncers_player:1:debouncer_inst                                                                                ; button_debouncer     ; work         ;
;    |button_debouncer:debouncer_start|                     ; 0 (0)               ; 2 (2)                     ; 0                 ; 0          ; 0    ; 0            ; |reaction_time|button_debouncer:debouncer_start                                                                                                    ; button_debouncer     ; work         ;
;    |random_delay:random_gen|                              ; 70 (70)             ; 59 (59)                   ; 0                 ; 0          ; 0    ; 0            ; |reaction_time|random_delay:random_gen                                                                                                             ; random_delay         ; work         ;
;    |reaction_timer:timer|                                 ; 39 (39)             ; 33 (33)                   ; 0                 ; 0          ; 0    ; 0            ; |reaction_time|reaction_timer:timer                                                                                                                ; reaction_timer       ; work         ;
;    |seven_segment_driver:display_driver|                  ; 1449 (42)           ; 22 (22)                   ; 0                 ; 0          ; 0    ; 0            ; |reaction_time|seven_segment_driver:display_driver                                                                                                 ; seven_segment_driver ; work         ;
;       |lpm_divide:Div0|                                   ; 135 (0)             ; 0 (0)                     ; 0                 ; 0          ; 0    ; 0            ; |reaction_time|seven_segment_driver:display_driver|lpm_divide:Div0                                                                                 ; lpm_divide           ; work         ;
;          |lpm_divide_kbm:auto_generated|                  ; 135 (0)             ; 0 (0)                     ; 0                 ; 0          ; 0    ; 0            ; |reaction_time|seven_segment_driver:display_driver|lpm_divide:Div0|lpm_divide_kbm:auto_generated                                                   ; lpm_divide_kbm       ; work         ;
;             |sign_div_unsign_qlh:divider|                 ; 135 (0)             ; 0 (0)                     ; 0                 ; 0          ; 0    ; 0            ; |reaction_time|seven_segment_driver:display_driver|lpm_divide:Div0|lpm_divide_kbm:auto_generated|sign_div_unsign_qlh:divider                       ; sign_div_unsign_qlh  ; work         ;
;                |alt_u_div_qve:divider|                    ; 135 (135)           ; 0 (0)                     ; 0                 ; 0          ; 0    ; 0            ; |reaction_time|seven_segment_driver:display_driver|lpm_divide:Div0|lpm_divide_kbm:auto_generated|sign_div_unsign_qlh:divider|alt_u_div_qve:divider ; alt_u_div_qve        ; work         ;
;       |lpm_divide:Div1|                                   ; 173 (0)             ; 0 (0)                     ; 0                 ; 0          ; 0    ; 0            ; |reaction_time|seven_segment_driver:display_driver|lpm_divide:Div1                                                                                 ; lpm_divide           ; work         ;
;          |lpm_divide_nbm:auto_generated|                  ; 173 (0)             ; 0 (0)                     ; 0                 ; 0          ; 0    ; 0            ; |reaction_time|seven_segment_driver:display_driver|lpm_divide:Div1|lpm_divide_nbm:auto_generated                                                   ; lpm_divide_nbm       ; work         ;
;             |sign_div_unsign_tlh:divider|                 ; 173 (0)             ; 0 (0)                     ; 0                 ; 0          ; 0    ; 0            ; |reaction_time|seven_segment_driver:display_driver|lpm_divide:Div1|lpm_divide_nbm:auto_generated|sign_div_unsign_tlh:divider                       ; sign_div_unsign_tlh  ; work         ;
;                |alt_u_div_00f:divider|                    ; 173 (173)           ; 0 (0)                     ; 0                 ; 0          ; 0    ; 0            ; |reaction_time|seven_segment_driver:display_driver|lpm_divide:Div1|lpm_divide_nbm:auto_generated|sign_div_unsign_tlh:divider|alt_u_div_00f:divider ; alt_u_div_00f        ; work         ;
;       |lpm_divide:Div2|                                   ; 159 (0)             ; 0 (0)                     ; 0                 ; 0          ; 0    ; 0            ; |reaction_time|seven_segment_driver:display_driver|lpm_divide:Div2                                                                                 ; lpm_divide           ; work         ;
;          |lpm_divide_1dm:auto_generated|                  ; 159 (0)             ; 0 (0)                     ; 0                 ; 0          ; 0    ; 0            ; |reaction_time|seven_segment_driver:display_driver|lpm_divide:Div2|lpm_divide_1dm:auto_generated                                                   ; lpm_divide_1dm       ; work         ;
;             |sign_div_unsign_7nh:divider|                 ; 159 (0)             ; 0 (0)                     ; 0                 ; 0          ; 0    ; 0            ; |reaction_time|seven_segment_driver:display_driver|lpm_divide:Div2|lpm_divide_1dm:auto_generated|sign_div_unsign_7nh:divider                       ; sign_div_unsign_7nh  ; work         ;
;                |alt_u_div_k2f:divider|                    ; 159 (159)           ; 0 (0)                     ; 0                 ; 0          ; 0    ; 0            ; |reaction_time|seven_segment_driver:display_driver|lpm_divide:Div2|lpm_divide_1dm:auto_generated|sign_div_unsign_7nh:divider|alt_u_div_k2f:divider ; alt_u_div_k2f        ; work         ;
;       |lpm_divide:Mod0|                                   ; 307 (0)             ; 0 (0)                     ; 0                 ; 0          ; 0    ; 0            ; |reaction_time|seven_segment_driver:display_driver|lpm_divide:Mod0                                                                                 ; lpm_divide           ; work         ;
;          |lpm_divide_a5m:auto_generated|                  ; 307 (0)             ; 0 (0)                     ; 0                 ; 0          ; 0    ; 0            ; |reaction_time|seven_segment_driver:display_driver|lpm_divide:Mod0|lpm_divide_a5m:auto_generated                                                   ; lpm_divide_a5m       ; work         ;
;             |sign_div_unsign_dnh:divider|                 ; 307 (0)             ; 0 (0)                     ; 0                 ; 0          ; 0    ; 0            ; |reaction_time|seven_segment_driver:display_driver|lpm_divide:Mod0|lpm_divide_a5m:auto_generated|sign_div_unsign_dnh:divider                       ; sign_div_unsign_dnh  ; work         ;
;                |alt_u_div_03f:divider|                    ; 307 (307)           ; 0 (0)                     ; 0                 ; 0          ; 0    ; 0            ; |reaction_time|seven_segment_driver:display_driver|lpm_divide:Mod0|lpm_divide_a5m:auto_generated|sign_div_unsign_dnh:divider|alt_u_div_03f:divider ; alt_u_div_03f        ; work         ;
;       |lpm_divide:Mod1|                                   ; 290 (0)             ; 0 (0)                     ; 0                 ; 0          ; 0    ; 0            ; |reaction_time|seven_segment_driver:display_driver|lpm_divide:Mod1                                                                                 ; lpm_divide           ; work         ;
;          |lpm_divide_a5m:auto_generated|                  ; 290 (0)             ; 0 (0)                     ; 0                 ; 0          ; 0    ; 0            ; |reaction_time|seven_segment_driver:display_driver|lpm_divide:Mod1|lpm_divide_a5m:auto_generated                                                   ; lpm_divide_a5m       ; work         ;
;             |sign_div_unsign_dnh:divider|                 ; 290 (0)             ; 0 (0)                     ; 0                 ; 0          ; 0    ; 0            ; |reaction_time|seven_segment_driver:display_driver|lpm_divide:Mod1|lpm_divide_a5m:auto_generated|sign_div_unsign_dnh:divider                       ; sign_div_unsign_dnh  ; work         ;
;                |alt_u_div_03f:divider|                    ; 290 (290)           ; 0 (0)                     ; 0                 ; 0          ; 0    ; 0            ; |reaction_time|seven_segment_driver:display_driver|lpm_divide:Mod1|lpm_divide_a5m:auto_generated|sign_div_unsign_dnh:divider|alt_u_div_03f:divider ; alt_u_div_03f        ; work         ;
;       |lpm_divide:Mod2|                                   ; 222 (0)             ; 0 (0)                     ; 0                 ; 0          ; 0    ; 0            ; |reaction_time|seven_segment_driver:display_driver|lpm_divide:Mod2                                                                                 ; lpm_divide           ; work         ;
;          |lpm_divide_a5m:auto_generated|                  ; 222 (0)             ; 0 (0)                     ; 0                 ; 0          ; 0    ; 0            ; |reaction_time|seven_segment_driver:display_driver|lpm_divide:Mod2|lpm_divide_a5m:auto_generated                                                   ; lpm_divide_a5m       ; work         ;
;             |sign_div_unsign_dnh:divider|                 ; 222 (0)             ; 0 (0)                     ; 0                 ; 0          ; 0    ; 0            ; |reaction_time|seven_segment_driver:display_driver|lpm_divide:Mod2|lpm_divide_a5m:auto_generated|sign_div_unsign_dnh:divider                       ; sign_div_unsign_dnh  ; work         ;
;                |alt_u_div_03f:divider|                    ; 222 (222)           ; 0 (0)                     ; 0                 ; 0          ; 0    ; 0            ; |reaction_time|seven_segment_driver:display_driver|lpm_divide:Mod2|lpm_divide_a5m:auto_generated|sign_div_unsign_dnh:divider|alt_u_div_03f:divider ; alt_u_div_03f        ; work         ;
;       |lpm_divide:Mod3|                                   ; 121 (0)             ; 0 (0)                     ; 0                 ; 0          ; 0    ; 0            ; |reaction_time|seven_segment_driver:display_driver|lpm_divide:Mod3                                                                                 ; lpm_divide           ; work         ;
;          |lpm_divide_a5m:auto_generated|                  ; 121 (0)             ; 0 (0)                     ; 0                 ; 0          ; 0    ; 0            ; |reaction_time|seven_segment_driver:display_driver|lpm_divide:Mod3|lpm_divide_a5m:auto_generated                                                   ; lpm_divide_a5m       ; work         ;
;             |sign_div_unsign_dnh:divider|                 ; 121 (0)             ; 0 (0)                     ; 0                 ; 0          ; 0    ; 0            ; |reaction_time|seven_segment_driver:display_driver|lpm_divide:Mod3|lpm_divide_a5m:auto_generated|sign_div_unsign_dnh:divider                       ; sign_div_unsign_dnh  ; work         ;
;                |alt_u_div_03f:divider|                    ; 121 (121)           ; 0 (0)                     ; 0                 ; 0          ; 0    ; 0            ; |reaction_time|seven_segment_driver:display_driver|lpm_divide:Mod3|lpm_divide_a5m:auto_generated|sign_div_unsign_dnh:divider|alt_u_div_03f:divider ; alt_u_div_03f        ; work         ;
+-----------------------------------------------------------+---------------------+---------------------------+-------------------+------------+------+--------------+----------------------------------------------------------------------------------------------------------------------------------------------------+----------------------+--------------+
Note: For table entries with two numbers listed, the numbers in parentheses indicate the number of resources of the given type used by the specific entity alone. The numbers listed outside of parentheses indicate the total resources of the given type used by the specific entity and all of its sub-entities in the hierarchy.


Encoding Type:  One-Hot
+--------------------------------------------------------------------------------------------------------------------------------------------------------------------------------------------------------+
; State Machine - |reaction_time|current_state                                                                                                                                                           ;
+--------------------------------+------------------------------+--------------------------------+------------------------+------------------------+------------------------------+----------------------+
; Name                           ; current_state.S_DISPLAY_TIME ; current_state.S_DISPLAY_WINNER ; current_state.S_WINNER ; current_state.S_TIMING ; current_state.S_RANDOM_DELAY ; current_state.S_IDLE ;
+--------------------------------+------------------------------+--------------------------------+------------------------+------------------------+------------------------------+----------------------+
; current_state.S_IDLE           ; 0                            ; 0                              ; 0                      ; 0                      ; 0                            ; 0                    ;
; current_state.S_RANDOM_DELAY   ; 0                            ; 0                              ; 0                      ; 0                      ; 1                            ; 1                    ;
; current_state.S_TIMING         ; 0                            ; 0                              ; 0                      ; 1                      ; 0                            ; 1                    ;
; current_state.S_WINNER         ; 0                            ; 0                              ; 1                      ; 0                      ; 0                            ; 1                    ;
; current_state.S_DISPLAY_WINNER ; 0                            ; 1                              ; 0                      ; 0                      ; 0                            ; 1                    ;
; current_state.S_DISPLAY_TIME   ; 1                            ; 0                              ; 0                      ; 0                      ; 0                            ; 1                    ;
+--------------------------------+------------------------------+--------------------------------+------------------------+------------------------+------------------------------+----------------------+


+----------------------------------------------------------------------------------------------------+
; User-Specified and Inferred Latches                                                                ;
+-----------------------------------------------------+---------------------+------------------------+
; Latch Name                                          ; Latch Enable Signal ; Free of Timing Hazards ;
+-----------------------------------------------------+---------------------+------------------------+
; winner[0]                                           ; Selector6           ; yes                    ;
; hold_counter[27]                                    ; WideOr2             ; yes                    ;
; hold_counter[24]                                    ; WideOr2             ; yes                    ;
; hold_counter[25]                                    ; WideOr2             ; yes                    ;
; hold_counter[26]                                    ; WideOr2             ; yes                    ;
; hold_counter[20]                                    ; WideOr2             ; yes                    ;
; hold_counter[21]                                    ; WideOr2             ; yes                    ;
; hold_counter[22]                                    ; WideOr2             ; yes                    ;
; hold_counter[23]                                    ; WideOr2             ; yes                    ;
; hold_counter[16]                                    ; WideOr2             ; yes                    ;
; hold_counter[17]                                    ; WideOr2             ; yes                    ;
; hold_counter[18]                                    ; WideOr2             ; yes                    ;
; hold_counter[19]                                    ; WideOr2             ; yes                    ;
; hold_counter[14]                                    ; WideOr2             ; yes                    ;
; hold_counter[15]                                    ; WideOr2             ; yes                    ;
; hold_counter[13]                                    ; WideOr2             ; yes                    ;
; hold_counter[12]                                    ; WideOr2             ; yes                    ;
; hold_counter[9]                                     ; WideOr2             ; yes                    ;
; hold_counter[10]                                    ; WideOr2             ; yes                    ;
; hold_counter[11]                                    ; WideOr2             ; yes                    ;
; hold_counter[7]                                     ; WideOr2             ; yes                    ;
; hold_counter[8]                                     ; WideOr2             ; yes                    ;
; hold_counter[6]                                     ; WideOr2             ; yes                    ;
; hold_counter[5]                                     ; WideOr2             ; yes                    ;
; hold_counter[4]                                     ; WideOr2             ; yes                    ;
; hold_counter[3]                                     ; WideOr2             ; yes                    ;
; hold_counter[2]                                     ; WideOr2             ; yes                    ;
; hold_counter[1]                                     ; WideOr2             ; yes                    ;
; hold_counter[0]                                     ; WideOr2             ; yes                    ;
; Number of user-specified and inferred latches = 29  ;                     ;                        ;
+-----------------------------------------------------+---------------------+------------------------+
Note: All latches listed above may not be present at the end of synthesis due to various synthesis optimizations.


+------------------------------------------------------------------------------------------+
; Registers Removed During Synthesis                                                       ;
+--------------------------------------------+---------------------------------------------+
; Register name                              ; Reason for Removal                          ;
+--------------------------------------------+---------------------------------------------+
; random_delay:random_gen|delay_period[0..6] ; Stuck at GND due to stuck port data_in      ;
; random_delay:random_gen|delay_period[7]    ; Stuck at VCC due to stuck port data_in      ;
; random_delay:random_gen|delay_period[8,9]  ; Stuck at GND due to stuck port data_in      ;
; random_delay:random_gen|delay_period[10]   ; Merged with random_delay:random_gen|lfsr[1] ;
; random_delay:random_gen|delay_period[11]   ; Merged with random_delay:random_gen|lfsr[2] ;
; random_delay:random_gen|delay_period[12]   ; Merged with random_delay:random_gen|lfsr[3] ;
; Total Number of Removed Registers = 13     ;                                             ;
+--------------------------------------------+---------------------------------------------+


+------------------------------------------------------+
; General Register Statistics                          ;
+----------------------------------------------+-------+
; Statistic                                    ; Value ;
+----------------------------------------------+-------+
; Total registers                              ; 126   ;
; Number of registers using Synchronous Clear  ; 63    ;
; Number of registers using Synchronous Load   ; 23    ;
; Number of registers using Asynchronous Clear ; 39    ;
; Number of registers using Asynchronous Load  ; 0     ;
; Number of registers using Clock Enable       ; 59    ;
; Number of registers using Preset             ; 0     ;
+----------------------------------------------+-------+


+--------------------------------------------------+
; Inverted Register Statistics                     ;
+----------------------------------------+---------+
; Inverted Register                      ; Fan out ;
+----------------------------------------+---------+
; random_delay:random_gen|lfsr[0]        ; 2       ;
; random_delay:random_gen|lfsr[15]       ; 3       ;
; random_delay:random_gen|lfsr[13]       ; 3       ;
; random_delay:random_gen|lfsr[11]       ; 3       ;
; random_delay:random_gen|lfsr[10]       ; 3       ;
; random_delay:random_gen|lfsr[7]        ; 3       ;
; random_delay:random_gen|lfsr[6]        ; 3       ;
; random_delay:random_gen|lfsr[5]        ; 4       ;
; Total number of inverted registers = 8 ;         ;
+----------------------------------------+---------+


+------------------------------------------------------------------------------------------------------------------------------------------------------------------------+
; Multiplexer Restructuring Statistics (Restructuring Performed)                                                                                                         ;
+--------------------+-----------+---------------+----------------------+------------------------+------------+----------------------------------------------------------+
; Multiplexer Inputs ; Bus Width ; Baseline Area ; Area if Restructured ; Saving if Restructured ; Registered ; Example Multiplexer Output                               ;
+--------------------+-----------+---------------+----------------------+------------------------+------------+----------------------------------------------------------+
; 3:1                ; 27 bits   ; 54 LEs        ; 0 LEs                ; 54 LEs                 ; Yes        ; |reaction_time|random_delay:random_gen|delay_counter[23] ;
; 4:1                ; 4 bits    ; 8 LEs         ; 8 LEs                ; 0 LEs                  ; No         ; |reaction_time|seven_segment_driver:display_driver|Mux5  ;
; 5:1                ; 28 bits   ; 84 LEs        ; 56 LEs               ; 28 LEs                 ; No         ; |reaction_time|Selector15                                ;
; 12:1               ; 6 bits    ; 48 LEs        ; 30 LEs               ; 18 LEs                 ; No         ; |reaction_time|Selector6                                 ;
+--------------------+-----------+---------------+----------------------+------------------------+------------+----------------------------------------------------------+


+------------------------------------------------------------------------------------------------------+
; Parameter Settings for Inferred Entity Instance: seven_segment_driver:display_driver|lpm_divide:Mod0 ;
+------------------------+----------------+------------------------------------------------------------+
; Parameter Name         ; Value          ; Type                                                       ;
+------------------------+----------------+------------------------------------------------------------+
; LPM_WIDTHN             ; 16             ; Untyped                                                    ;
; LPM_WIDTHD             ; 16             ; Untyped                                                    ;
; LPM_NREPRESENTATION    ; UNSIGNED       ; Untyped                                                    ;
; LPM_DREPRESENTATION    ; UNSIGNED       ; Untyped                                                    ;
; LPM_PIPELINE           ; 0              ; Untyped                                                    ;
; LPM_REMAINDERPOSITIVE  ; TRUE           ; Untyped                                                    ;
; MAXIMIZE_SPEED         ; 5              ; Untyped                                                    ;
; CBXI_PARAMETER         ; lpm_divide_a5m ; Untyped                                                    ;
; CARRY_CHAIN            ; MANUAL         ; Untyped                                                    ;
; OPTIMIZE_FOR_SPEED     ; 5              ; Untyped                                                    ;
; AUTO_CARRY_CHAINS      ; ON             ; AUTO_CARRY                                                 ;
; IGNORE_CARRY_BUFFERS   ; OFF            ; IGNORE_CARRY                                               ;
; AUTO_CASCADE_CHAINS    ; ON             ; AUTO_CASCADE                                               ;
; IGNORE_CASCADE_BUFFERS ; OFF            ; IGNORE_CASCADE                                             ;
+------------------------+----------------+------------------------------------------------------------+
Note: In order to hide this table in the UI and the text report file, please set the "Show Parameter Settings in Synthesis Report" option in "Analysis and Synthesis Settings -> More Settings" to "Off".


+------------------------------------------------------------------------------------------------------+
; Parameter Settings for Inferred Entity Instance: seven_segment_driver:display_driver|lpm_divide:Div0 ;
+------------------------+----------------+------------------------------------------------------------+
; Parameter Name         ; Value          ; Type                                                       ;
+------------------------+----------------+------------------------------------------------------------+
; LPM_WIDTHN             ; 16             ; Untyped                                                    ;
; LPM_WIDTHD             ; 4              ; Untyped                                                    ;
; LPM_NREPRESENTATION    ; UNSIGNED       ; Untyped                                                    ;
; LPM_DREPRESENTATION    ; UNSIGNED       ; Untyped                                                    ;
; LPM_PIPELINE           ; 0              ; Untyped                                                    ;
; LPM_REMAINDERPOSITIVE  ; TRUE           ; Untyped                                                    ;
; MAXIMIZE_SPEED         ; 5              ; Untyped                                                    ;
; CBXI_PARAMETER         ; lpm_divide_kbm ; Untyped                                                    ;
; CARRY_CHAIN            ; MANUAL         ; Untyped                                                    ;
; OPTIMIZE_FOR_SPEED     ; 5              ; Untyped                                                    ;
; AUTO_CARRY_CHAINS      ; ON             ; AUTO_CARRY                                                 ;
; IGNORE_CARRY_BUFFERS   ; OFF            ; IGNORE_CARRY                                               ;
; AUTO_CASCADE_CHAINS    ; ON             ; AUTO_CASCADE                                               ;
; IGNORE_CASCADE_BUFFERS ; OFF            ; IGNORE_CASCADE                                             ;
+------------------------+----------------+------------------------------------------------------------+
Note: In order to hide this table in the UI and the text report file, please set the "Show Parameter Settings in Synthesis Report" option in "Analysis and Synthesis Settings -> More Settings" to "Off".


+------------------------------------------------------------------------------------------------------+
; Parameter Settings for Inferred Entity Instance: seven_segment_driver:display_driver|lpm_divide:Mod1 ;
+------------------------+----------------+------------------------------------------------------------+
; Parameter Name         ; Value          ; Type                                                       ;
+------------------------+----------------+------------------------------------------------------------+
; LPM_WIDTHN             ; 16             ; Untyped                                                    ;
; LPM_WIDTHD             ; 16             ; Untyped                                                    ;
; LPM_NREPRESENTATION    ; UNSIGNED       ; Untyped                                                    ;
; LPM_DREPRESENTATION    ; UNSIGNED       ; Untyped                                                    ;
; LPM_PIPELINE           ; 0              ; Untyped                                                    ;
; LPM_REMAINDERPOSITIVE  ; TRUE           ; Untyped                                                    ;
; MAXIMIZE_SPEED         ; 5              ; Untyped                                                    ;
; CBXI_PARAMETER         ; lpm_divide_a5m ; Untyped                                                    ;
; CARRY_CHAIN            ; MANUAL         ; Untyped                                                    ;
; OPTIMIZE_FOR_SPEED     ; 5              ; Untyped                                                    ;
; AUTO_CARRY_CHAINS      ; ON             ; AUTO_CARRY                                                 ;
; IGNORE_CARRY_BUFFERS   ; OFF            ; IGNORE_CARRY                                               ;
; AUTO_CASCADE_CHAINS    ; ON             ; AUTO_CASCADE                                               ;
; IGNORE_CASCADE_BUFFERS ; OFF            ; IGNORE_CASCADE                                             ;
+------------------------+----------------+------------------------------------------------------------+
Note: In order to hide this table in the UI and the text report file, please set the "Show Parameter Settings in Synthesis Report" option in "Analysis and Synthesis Settings -> More Settings" to "Off".


+------------------------------------------------------------------------------------------------------+
; Parameter Settings for Inferred Entity Instance: seven_segment_driver:display_driver|lpm_divide:Div1 ;
+------------------------+----------------+------------------------------------------------------------+
; Parameter Name         ; Value          ; Type                                                       ;
+------------------------+----------------+------------------------------------------------------------+
; LPM_WIDTHN             ; 16             ; Untyped                                                    ;
; LPM_WIDTHD             ; 7              ; Untyped                                                    ;
; LPM_NREPRESENTATION    ; UNSIGNED       ; Untyped                                                    ;
; LPM_DREPRESENTATION    ; UNSIGNED       ; Untyped                                                    ;
; LPM_PIPELINE           ; 0              ; Untyped                                                    ;
; LPM_REMAINDERPOSITIVE  ; TRUE           ; Untyped                                                    ;
; MAXIMIZE_SPEED         ; 5              ; Untyped                                                    ;
; CBXI_PARAMETER         ; lpm_divide_nbm ; Untyped                                                    ;
; CARRY_CHAIN            ; MANUAL         ; Untyped                                                    ;
; OPTIMIZE_FOR_SPEED     ; 5              ; Untyped                                                    ;
; AUTO_CARRY_CHAINS      ; ON             ; AUTO_CARRY                                                 ;
; IGNORE_CARRY_BUFFERS   ; OFF            ; IGNORE_CARRY                                               ;
; AUTO_CASCADE_CHAINS    ; ON             ; AUTO_CASCADE                                               ;
; IGNORE_CASCADE_BUFFERS ; OFF            ; IGNORE_CASCADE                                             ;
+------------------------+----------------+------------------------------------------------------------+
Note: In order to hide this table in the UI and the text report file, please set the "Show Parameter Settings in Synthesis Report" option in "Analysis and Synthesis Settings -> More Settings" to "Off".


+------------------------------------------------------------------------------------------------------+
; Parameter Settings for Inferred Entity Instance: seven_segment_driver:display_driver|lpm_divide:Mod2 ;
+------------------------+----------------+------------------------------------------------------------+
; Parameter Name         ; Value          ; Type                                                       ;
+------------------------+----------------+------------------------------------------------------------+
; LPM_WIDTHN             ; 16             ; Untyped                                                    ;
; LPM_WIDTHD             ; 16             ; Untyped                                                    ;
; LPM_NREPRESENTATION    ; UNSIGNED       ; Untyped                                                    ;
; LPM_DREPRESENTATION    ; UNSIGNED       ; Untyped                                                    ;
; LPM_PIPELINE           ; 0              ; Untyped                                                    ;
; LPM_REMAINDERPOSITIVE  ; TRUE           ; Untyped                                                    ;
; MAXIMIZE_SPEED         ; 5              ; Untyped                                                    ;
; CBXI_PARAMETER         ; lpm_divide_a5m ; Untyped                                                    ;
; CARRY_CHAIN            ; MANUAL         ; Untyped                                                    ;
; OPTIMIZE_FOR_SPEED     ; 5              ; Untyped                                                    ;
; AUTO_CARRY_CHAINS      ; ON             ; AUTO_CARRY                                                 ;
; IGNORE_CARRY_BUFFERS   ; OFF            ; IGNORE_CARRY                                               ;
; AUTO_CASCADE_CHAINS    ; ON             ; AUTO_CASCADE                                               ;
; IGNORE_CASCADE_BUFFERS ; OFF            ; IGNORE_CASCADE                                             ;
+------------------------+----------------+------------------------------------------------------------+
Note: In order to hide this table in the UI and the text report file, please set the "Show Parameter Settings in Synthesis Report" option in "Analysis and Synthesis Settings -> More Settings" to "Off".


+------------------------------------------------------------------------------------------------------+
; Parameter Settings for Inferred Entity Instance: seven_segment_driver:display_driver|lpm_divide:Div2 ;
+------------------------+----------------+------------------------------------------------------------+
; Parameter Name         ; Value          ; Type                                                       ;
+------------------------+----------------+------------------------------------------------------------+
; LPM_WIDTHN             ; 16             ; Untyped                                                    ;
; LPM_WIDTHD             ; 10             ; Untyped                                                    ;
; LPM_NREPRESENTATION    ; UNSIGNED       ; Untyped                                                    ;
; LPM_DREPRESENTATION    ; UNSIGNED       ; Untyped                                                    ;
; LPM_PIPELINE           ; 0              ; Untyped                                                    ;
; LPM_REMAINDERPOSITIVE  ; TRUE           ; Untyped                                                    ;
; MAXIMIZE_SPEED         ; 5              ; Untyped                                                    ;
; CBXI_PARAMETER         ; lpm_divide_1dm ; Untyped                                                    ;
; CARRY_CHAIN            ; MANUAL         ; Untyped                                                    ;
; OPTIMIZE_FOR_SPEED     ; 5              ; Untyped                                                    ;
; AUTO_CARRY_CHAINS      ; ON             ; AUTO_CARRY                                                 ;
; IGNORE_CARRY_BUFFERS   ; OFF            ; IGNORE_CARRY                                               ;
; AUTO_CASCADE_CHAINS    ; ON             ; AUTO_CASCADE                                               ;
; IGNORE_CASCADE_BUFFERS ; OFF            ; IGNORE_CASCADE                                             ;
+------------------------+----------------+------------------------------------------------------------+
Note: In order to hide this table in the UI and the text report file, please set the "Show Parameter Settings in Synthesis Report" option in "Analysis and Synthesis Settings -> More Settings" to "Off".


+------------------------------------------------------------------------------------------------------+
; Parameter Settings for Inferred Entity Instance: seven_segment_driver:display_driver|lpm_divide:Mod3 ;
+------------------------+----------------+------------------------------------------------------------+
; Parameter Name         ; Value          ; Type                                                       ;
+------------------------+----------------+------------------------------------------------------------+
; LPM_WIDTHN             ; 16             ; Untyped                                                    ;
; LPM_WIDTHD             ; 16             ; Untyped                                                    ;
; LPM_NREPRESENTATION    ; UNSIGNED       ; Untyped                                                    ;
; LPM_DREPRESENTATION    ; UNSIGNED       ; Untyped                                                    ;
; LPM_PIPELINE           ; 0              ; Untyped                                                    ;
; LPM_REMAINDERPOSITIVE  ; TRUE           ; Untyped                                                    ;
; MAXIMIZE_SPEED         ; 5              ; Untyped                                                    ;
; CBXI_PARAMETER         ; lpm_divide_a5m ; Untyped                                                    ;
; CARRY_CHAIN            ; MANUAL         ; Untyped                                                    ;
; OPTIMIZE_FOR_SPEED     ; 5              ; Untyped                                                    ;
; AUTO_CARRY_CHAINS      ; ON             ; AUTO_CARRY                                                 ;
; IGNORE_CARRY_BUFFERS   ; OFF            ; IGNORE_CARRY                                               ;
; AUTO_CASCADE_CHAINS    ; ON             ; AUTO_CASCADE                                               ;
; IGNORE_CASCADE_BUFFERS ; OFF            ; IGNORE_CASCADE                                             ;
+------------------------+----------------+------------------------------------------------------------+
Note: In order to hide this table in the UI and the text report file, please set the "Show Parameter Settings in Synthesis Report" option in "Analysis and Synthesis Settings -> More Settings" to "Off".


+-----------------------------------------------------+
; Post-Synthesis Netlist Statistics for Top Partition ;
+-----------------------+-----------------------------+
; Type                  ; Count                       ;
+-----------------------+-----------------------------+
; arriav_ff             ; 126                         ;
;     CLR               ; 7                           ;
;     ENA CLR           ; 16                          ;
;     ENA CLR SCLR      ; 16                          ;
;     ENA SCLR          ; 27                          ;
;     SCLR              ; 20                          ;
;     SLD               ; 23                          ;
;     plain             ; 17                          ;
; arriav_lcell_comb     ; 1669                        ;
;     arith             ; 880                         ;
;         0 data inputs ; 144                         ;
;         1 data inputs ; 169                         ;
;         2 data inputs ; 78                          ;
;         3 data inputs ; 233                         ;
;         4 data inputs ; 256                         ;
;     normal            ; 771                         ;
;         1 data inputs ; 6                           ;
;         2 data inputs ; 356                         ;
;         3 data inputs ; 151                         ;
;         4 data inputs ; 170                         ;
;         5 data inputs ; 28                          ;
;         6 data inputs ; 60                          ;
;     shared            ; 18                          ;
;         0 data inputs ; 12                          ;
;         1 data inputs ; 6                           ;
; boundary_port         ; 17                          ;
;                       ;                             ;
; Max LUT depth         ; 32.20                       ;
; Average LUT depth     ; 22.40                       ;
+-----------------------+-----------------------------+


+-------------------------------+
; Elapsed Time Per Partition    ;
+----------------+--------------+
; Partition Name ; Elapsed Time ;
+----------------+--------------+
; Top            ; 00:00:01     ;
+----------------+--------------+


+-------------------------------+
; Analysis & Synthesis Messages ;
+-------------------------------+
Info: *******************************************************************
Info: Running Quartus Prime Analysis & Synthesis
    Info: Version 20.1.0 Build 711 06/05/2020 SJ Lite Edition
    Info: Processing started: Mon Sep 29 20:10:39 2025
Info: Command: quartus_map --read_settings_files=on --write_settings_files=off reaction_game -c reaction_time
Warning (18236): Number of processors has not been specified which may cause overloading on shared machines.  Set the global assignment NUM_PARALLEL_PROCESSORS in your QSF to an appropriate value for best performance.
Info (20030): Parallel compilation is enabled and will use 8 of the 8 processors detected
Info (12021): Found 2 design units, including 1 entities, in source file reaction_time.vhd
    Info (12022): Found design unit 1: reaction_time-Behavioral File: /home/alexandre/Documents/github/FPGA-ReactionTimeGame/reactionTime/reaction_time.vhd Line: 18
    Info (12023): Found entity 1: reaction_time File: /home/alexandre/Documents/github/FPGA-ReactionTimeGame/reactionTime/reaction_time.vhd Line: 5
Info (12021): Found 2 design units, including 1 entities, in source file button_debouncer.vhd
    Info (12022): Found design unit 1: button_debouncer-Behavioral File: /home/alexandre/Documents/github/FPGA-ReactionTimeGame/reactionTime/button_debouncer.vhd Line: 13
    Info (12023): Found entity 1: button_debouncer File: /home/alexandre/Documents/github/FPGA-ReactionTimeGame/reactionTime/button_debouncer.vhd Line: 5
Info (12021): Found 2 design units, including 1 entities, in source file random_delay.vhd
    Info (12022): Found design unit 1: random_delay-Behavioral File: /home/alexandre/Documents/github/FPGA-ReactionTimeGame/reactionTime/random_delay.vhd Line: 13
    Info (12023): Found entity 1: random_delay File: /home/alexandre/Documents/github/FPGA-ReactionTimeGame/reactionTime/random_delay.vhd Line: 5
Info (12021): Found 2 design units, including 1 entities, in source file reaction_timer.vhd
    Info (12022): Found design unit 1: reaction_timer-Behavioral File: /home/alexandre/Documents/github/FPGA-ReactionTimeGame/reactionTime/reaction_timer.vhd Line: 15
    Info (12023): Found entity 1: reaction_timer File: /home/alexandre/Documents/github/FPGA-ReactionTimeGame/reactionTime/reaction_timer.vhd Line: 5
Info (12021): Found 2 design units, including 1 entities, in source file seven_segment_driver.vhd
    Info (12022): Found design unit 1: seven_segment_driver-Behavioral File: /home/alexandre/Documents/github/FPGA-ReactionTimeGame/reactionTime/seven_segment_driver.vhd Line: 14
    Info (12023): Found entity 1: seven_segment_driver File: /home/alexandre/Documents/github/FPGA-ReactionTimeGame/reactionTime/seven_segment_driver.vhd Line: 5
Info (12127): Elaborating entity "reaction_time" for the top level hierarchy
Warning (10631): VHDL Process Statement warning at reaction_time.vhd(71): inferring latch(es) for signal or variable "winner", which holds its previous value in one or more paths through the process File: /home/alexandre/Documents/github/FPGA-ReactionTimeGame/reactionTime/reaction_time.vhd Line: 71
Warning (10631): VHDL Process Statement warning at reaction_time.vhd(71): inferring latch(es) for signal or variable "hold_counter", which holds its previous value in one or more paths through the process File: /home/alexandre/Documents/github/FPGA-ReactionTimeGame/reactionTime/reaction_time.vhd Line: 71
Info (10041): Inferred latch for "hold_counter[0]" at reaction_time.vhd(71) File: /home/alexandre/Documents/github/FPGA-ReactionTimeGame/reactionTime/reaction_time.vhd Line: 71
Info (10041): Inferred latch for "hold_counter[1]" at reaction_time.vhd(71) File: /home/alexandre/Documents/github/FPGA-ReactionTimeGame/reactionTime/reaction_time.vhd Line: 71
Info (10041): Inferred latch for "hold_counter[2]" at reaction_time.vhd(71) File: /home/alexandre/Documents/github/FPGA-ReactionTimeGame/reactionTime/reaction_time.vhd Line: 71
Info (10041): Inferred latch for "hold_counter[3]" at reaction_time.vhd(71) File: /home/alexandre/Documents/github/FPGA-ReactionTimeGame/reactionTime/reaction_time.vhd Line: 71
Info (10041): Inferred latch for "hold_counter[4]" at reaction_time.vhd(71) File: /home/alexandre/Documents/github/FPGA-ReactionTimeGame/reactionTime/reaction_time.vhd Line: 71
Info (10041): Inferred latch for "hold_counter[5]" at reaction_time.vhd(71) File: /home/alexandre/Documents/github/FPGA-ReactionTimeGame/reactionTime/reaction_time.vhd Line: 71
Info (10041): Inferred latch for "hold_counter[6]" at reaction_time.vhd(71) File: /home/alexandre/Documents/github/FPGA-ReactionTimeGame/reactionTime/reaction_time.vhd Line: 71
Info (10041): Inferred latch for "hold_counter[7]" at reaction_time.vhd(71) File: /home/alexandre/Documents/github/FPGA-ReactionTimeGame/reactionTime/reaction_time.vhd Line: 71
Info (10041): Inferred latch for "hold_counter[8]" at reaction_time.vhd(71) File: /home/alexandre/Documents/github/FPGA-ReactionTimeGame/reactionTime/reaction_time.vhd Line: 71
Info (10041): Inferred latch for "hold_counter[9]" at reaction_time.vhd(71) File: /home/alexandre/Documents/github/FPGA-ReactionTimeGame/reactionTime/reaction_time.vhd Line: 71
Info (10041): Inferred latch for "hold_counter[10]" at reaction_time.vhd(71) File: /home/alexandre/Documents/github/FPGA-ReactionTimeGame/reactionTime/reaction_time.vhd Line: 71
Info (10041): Inferred latch for "hold_counter[11]" at reaction_time.vhd(71) File: /home/alexandre/Documents/github/FPGA-ReactionTimeGame/reactionTime/reaction_time.vhd Line: 71
Info (10041): Inferred latch for "hold_counter[12]" at reaction_time.vhd(71) File: /home/alexandre/Documents/github/FPGA-ReactionTimeGame/reactionTime/reaction_time.vhd Line: 71
Info (10041): Inferred latch for "hold_counter[13]" at reaction_time.vhd(71) File: /home/alexandre/Documents/github/FPGA-ReactionTimeGame/reactionTime/reaction_time.vhd Line: 71
Info (10041): Inferred latch for "hold_counter[14]" at reaction_time.vhd(71) File: /home/alexandre/Documents/github/FPGA-ReactionTimeGame/reactionTime/reaction_time.vhd Line: 71
Info (10041): Inferred latch for "hold_counter[15]" at reaction_time.vhd(71) File: /home/alexandre/Documents/github/FPGA-ReactionTimeGame/reactionTime/reaction_time.vhd Line: 71
Info (10041): Inferred latch for "hold_counter[16]" at reaction_time.vhd(71) File: /home/alexandre/Documents/github/FPGA-ReactionTimeGame/reactionTime/reaction_time.vhd Line: 71
Info (10041): Inferred latch for "hold_counter[17]" at reaction_time.vhd(71) File: /home/alexandre/Documents/github/FPGA-ReactionTimeGame/reactionTime/reaction_time.vhd Line: 71
Info (10041): Inferred latch for "hold_counter[18]" at reaction_time.vhd(71) File: /home/alexandre/Documents/github/FPGA-ReactionTimeGame/reactionTime/reaction_time.vhd Line: 71
Info (10041): Inferred latch for "hold_counter[19]" at reaction_time.vhd(71) File: /home/alexandre/Documents/github/FPGA-ReactionTimeGame/reactionTime/reaction_time.vhd Line: 71
Info (10041): Inferred latch for "hold_counter[20]" at reaction_time.vhd(71) File: /home/alexandre/Documents/github/FPGA-ReactionTimeGame/reactionTime/reaction_time.vhd Line: 71
Info (10041): Inferred latch for "hold_counter[21]" at reaction_time.vhd(71) File: /home/alexandre/Documents/github/FPGA-ReactionTimeGame/reactionTime/reaction_time.vhd Line: 71
Info (10041): Inferred latch for "hold_counter[22]" at reaction_time.vhd(71) File: /home/alexandre/Documents/github/FPGA-ReactionTimeGame/reactionTime/reaction_time.vhd Line: 71
Info (10041): Inferred latch for "hold_counter[23]" at reaction_time.vhd(71) File: /home/alexandre/Documents/github/FPGA-ReactionTimeGame/reactionTime/reaction_time.vhd Line: 71
Info (10041): Inferred latch for "hold_counter[24]" at reaction_time.vhd(71) File: /home/alexandre/Documents/github/FPGA-ReactionTimeGame/reactionTime/reaction_time.vhd Line: 71
Info (10041): Inferred latch for "hold_counter[25]" at reaction_time.vhd(71) File: /home/alexandre/Documents/github/FPGA-ReactionTimeGame/reactionTime/reaction_time.vhd Line: 71
Info (10041): Inferred latch for "hold_counter[26]" at reaction_time.vhd(71) File: /home/alexandre/Documents/github/FPGA-ReactionTimeGame/reactionTime/reaction_time.vhd Line: 71
Info (10041): Inferred latch for "hold_counter[27]" at reaction_time.vhd(71) File: /home/alexandre/Documents/github/FPGA-ReactionTimeGame/reactionTime/reaction_time.vhd Line: 71
Info (10041): Inferred latch for "winner[0]" at reaction_time.vhd(71) File: /home/alexandre/Documents/github/FPGA-ReactionTimeGame/reactionTime/reaction_time.vhd Line: 71
Info (12128): Elaborating entity "button_debouncer" for hierarchy "button_debouncer:debouncer_start" File: /home/alexandre/Documents/github/FPGA-ReactionTimeGame/reactionTime/reaction_time.vhd Line: 42
Info (12128): Elaborating entity "random_delay" for hierarchy "random_delay:random_gen" File: /home/alexandre/Documents/github/FPGA-ReactionTimeGame/reactionTime/reaction_time.vhd Line: 51
Info (12128): Elaborating entity "reaction_timer" for hierarchy "reaction_timer:timer" File: /home/alexandre/Documents/github/FPGA-ReactionTimeGame/reactionTime/reaction_time.vhd Line: 54
Info (12128): Elaborating entity "seven_segment_driver" for hierarchy "seven_segment_driver:display_driver" File: /home/alexandre/Documents/github/FPGA-ReactionTimeGame/reactionTime/reaction_time.vhd Line: 57
Info (278001): Inferred 7 megafunctions from design logic
    Info (278004): Inferred divider/modulo megafunction ("lpm_divide") from the following logic: "seven_segment_driver:display_driver|Mod0" File: /home/alexandre/Documents/github/FPGA-ReactionTimeGame/reactionTime/seven_segment_driver.vhd Line: 58
    Info (278004): Inferred divider/modulo megafunction ("lpm_divide") from the following logic: "seven_segment_driver:display_driver|Div0" File: /home/alexandre/Documents/github/FPGA-ReactionTimeGame/reactionTime/seven_segment_driver.vhd Line: 61
    Info (278004): Inferred divider/modulo megafunction ("lpm_divide") from the following logic: "seven_segment_driver:display_driver|Mod1" File: /home/alexandre/Documents/github/FPGA-ReactionTimeGame/reactionTime/seven_segment_driver.vhd Line: 61
    Info (278004): Inferred divider/modulo megafunction ("lpm_divide") from the following logic: "seven_segment_driver:display_driver|Div1" File: /home/alexandre/Documents/github/FPGA-ReactionTimeGame/reactionTime/seven_segment_driver.vhd Line: 64
    Info (278004): Inferred divider/modulo megafunction ("lpm_divide") from the following logic: "seven_segment_driver:display_driver|Mod2" File: /home/alexandre/Documents/github/FPGA-ReactionTimeGame/reactionTime/seven_segment_driver.vhd Line: 64
    Info (278004): Inferred divider/modulo megafunction ("lpm_divide") from the following logic: "seven_segment_driver:display_driver|Div2" File: /home/alexandre/Documents/github/FPGA-ReactionTimeGame/reactionTime/seven_segment_driver.vhd Line: 67
    Info (278004): Inferred divider/modulo megafunction ("lpm_divide") from the following logic: "seven_segment_driver:display_driver|Mod3" File: /home/alexandre/Documents/github/FPGA-ReactionTimeGame/reactionTime/seven_segment_driver.vhd Line: 67
Info (12130): Elaborated megafunction instantiation "seven_segment_driver:display_driver|lpm_divide:Mod0" File: /home/alexandre/Documents/github/FPGA-ReactionTimeGame/reactionTime/seven_segment_driver.vhd Line: 58
Info (12133): Instantiated megafunction "seven_segment_driver:display_driver|lpm_divide:Mod0" with the following parameter: File: /home/alexandre/Documents/github/FPGA-ReactionTimeGame/reactionTime/seven_segment_driver.vhd Line: 58
    Info (12134): Parameter "LPM_WIDTHN" = "16"
    Info (12134): Parameter "LPM_WIDTHD" = "16"
    Info (12134): Parameter "LPM_NREPRESENTATION" = "UNSIGNED"
    Info (12134): Parameter "LPM_DREPRESENTATION" = "UNSIGNED"
Info (12021): Found 1 design units, including 1 entities, in source file db/lpm_divide_a5m.tdf
    Info (12023): Found entity 1: lpm_divide_a5m File: /home/alexandre/Documents/github/FPGA-ReactionTimeGame/reactionTime/db/lpm_divide_a5m.tdf Line: 25
Info (12021): Found 1 design units, including 1 entities, in source file db/sign_div_unsign_dnh.tdf
    Info (12023): Found entity 1: sign_div_unsign_dnh File: /home/alexandre/Documents/github/FPGA-ReactionTimeGame/reactionTime/db/sign_div_unsign_dnh.tdf Line: 25
Info (12021): Found 1 design units, including 1 entities, in source file db/alt_u_div_03f.tdf
    Info (12023): Found entity 1: alt_u_div_03f File: /home/alexandre/Documents/github/FPGA-ReactionTimeGame/reactionTime/db/alt_u_div_03f.tdf Line: 23
Info (12130): Elaborated megafunction instantiation "seven_segment_driver:display_driver|lpm_divide:Div0" File: /home/alexandre/Documents/github/FPGA-ReactionTimeGame/reactionTime/seven_segment_driver.vhd Line: 61
Info (12133): Instantiated megafunction "seven_segment_driver:display_driver|lpm_divide:Div0" with the following parameter: File: /home/alexandre/Documents/github/FPGA-ReactionTimeGame/reactionTime/seven_segment_driver.vhd Line: 61
    Info (12134): Parameter "LPM_WIDTHN" = "16"
    Info (12134): Parameter "LPM_WIDTHD" = "4"
    Info (12134): Parameter "LPM_NREPRESENTATION" = "UNSIGNED"
    Info (12134): Parameter "LPM_DREPRESENTATION" = "UNSIGNED"
Info (12021): Found 1 design units, including 1 entities, in source file db/lpm_divide_kbm.tdf
    Info (12023): Found entity 1: lpm_divide_kbm File: /home/alexandre/Documents/github/FPGA-ReactionTimeGame/reactionTime/db/lpm_divide_kbm.tdf Line: 25
Info (12021): Found 1 design units, including 1 entities, in source file db/sign_div_unsign_qlh.tdf
    Info (12023): Found entity 1: sign_div_unsign_qlh File: /home/alexandre/Documents/github/FPGA-ReactionTimeGame/reactionTime/db/sign_div_unsign_qlh.tdf Line: 25
Info (12021): Found 1 design units, including 1 entities, in source file db/alt_u_div_qve.tdf
    Info (12023): Found entity 1: alt_u_div_qve File: /home/alexandre/Documents/github/FPGA-ReactionTimeGame/reactionTime/db/alt_u_div_qve.tdf Line: 23
Info (12130): Elaborated megafunction instantiation "seven_segment_driver:display_driver|lpm_divide:Div1" File: /home/alexandre/Documents/github/FPGA-ReactionTimeGame/reactionTime/seven_segment_driver.vhd Line: 64
Info (12133): Instantiated megafunction "seven_segment_driver:display_driver|lpm_divide:Div1" with the following parameter: File: /home/alexandre/Documents/github/FPGA-ReactionTimeGame/reactionTime/seven_segment_driver.vhd Line: 64
    Info (12134): Parameter "LPM_WIDTHN" = "16"
    Info (12134): Parameter "LPM_WIDTHD" = "7"
    Info (12134): Parameter "LPM_NREPRESENTATION" = "UNSIGNED"
    Info (12134): Parameter "LPM_DREPRESENTATION" = "UNSIGNED"
Info (12021): Found 1 design units, including 1 entities, in source file db/lpm_divide_nbm.tdf
    Info (12023): Found entity 1: lpm_divide_nbm File: /home/alexandre/Documents/github/FPGA-ReactionTimeGame/reactionTime/db/lpm_divide_nbm.tdf Line: 25
Info (12021): Found 1 design units, including 1 entities, in source file db/sign_div_unsign_tlh.tdf
    Info (12023): Found entity 1: sign_div_unsign_tlh File: /home/alexandre/Documents/github/FPGA-ReactionTimeGame/reactionTime/db/sign_div_unsign_tlh.tdf Line: 25
Info (12021): Found 1 design units, including 1 entities, in source file db/alt_u_div_00f.tdf
    Info (12023): Found entity 1: alt_u_div_00f File: /home/alexandre/Documents/github/FPGA-ReactionTimeGame/reactionTime/db/alt_u_div_00f.tdf Line: 23
Info (12130): Elaborated megafunction instantiation "seven_segment_driver:display_driver|lpm_divide:Div2" File: /home/alexandre/Documents/github/FPGA-ReactionTimeGame/reactionTime/seven_segment_driver.vhd Line: 67
Info (12133): Instantiated megafunction "seven_segment_driver:display_driver|lpm_divide:Div2" with the following parameter: File: /home/alexandre/Documents/github/FPGA-ReactionTimeGame/reactionTime/seven_segment_driver.vhd Line: 67
    Info (12134): Parameter "LPM_WIDTHN" = "16"
    Info (12134): Parameter "LPM_WIDTHD" = "10"
    Info (12134): Parameter "LPM_NREPRESENTATION" = "UNSIGNED"
    Info (12134): Parameter "LPM_DREPRESENTATION" = "UNSIGNED"
Info (12021): Found 1 design units, including 1 entities, in source file db/lpm_divide_1dm.tdf
    Info (12023): Found entity 1: lpm_divide_1dm File: /home/alexandre/Documents/github/FPGA-ReactionTimeGame/reactionTime/db/lpm_divide_1dm.tdf Line: 25
Info (12021): Found 1 design units, including 1 entities, in source file db/sign_div_unsign_7nh.tdf
    Info (12023): Found entity 1: sign_div_unsign_7nh File: /home/alexandre/Documents/github/FPGA-ReactionTimeGame/reactionTime/db/sign_div_unsign_7nh.tdf Line: 25
Info (12021): Found 1 design units, including 1 entities, in source file db/alt_u_div_k2f.tdf
    Info (12023): Found entity 1: alt_u_div_k2f File: /home/alexandre/Documents/github/FPGA-ReactionTimeGame/reactionTime/db/alt_u_div_k2f.tdf Line: 23
Warning (13012): Latch winner[0] has unsafe behavior File: /home/alexandre/Documents/github/FPGA-ReactionTimeGame/reactionTime/reaction_time.vhd Line: 71
    Warning (13013): Ports D and ENA on the latch are fed by the same signal button_debouncer:\debouncers_player:1:debouncer_inst|button_out File: /home/alexandre/Documents/github/FPGA-ReactionTimeGame/reactionTime/button_debouncer.vhd Line: 9
Info (286030): Timing-Driven Synthesis is running
Info (16010): Generating hard_block partition "hard_block:auto_generated_inst"
    Info (16011): Adding 0 node(s), including 0 DDIO, 0 PLL, 0 transceiver and 0 LCELL
Info (21057): Implemented 1698 device resources after synthesis - the final resource count might be different
    Info (21058): Implemented 5 input pins
    Info (21059): Implemented 12 output pins
    Info (21061): Implemented 1681 logic cells
Info: Quartus Prime Analysis & Synthesis was successful. 0 errors, 5 warnings
    Info: Peak virtual memory: 577 megabytes
    Info: Processing ended: Mon Sep 29 20:10:46 2025
    Info: Elapsed time: 00:00:07
    Info: Total CPU time (on all processors): 00:00:17


